2023-07-26 00:07:706 INFO  GearPage :82 - Mouse hover on Over gear Menu : [[ChromeDriver: chrome on windows (684dbec05c9d65b5db9894c2e695a66c)] -> xpath: //span[normalize-space()='Gear']]
2023-07-26 00:07:874 INFO  GearPage :88 - Mouse hover on Over gear and click : [[ChromeDriver: chrome on windows (684dbec05c9d65b5db9894c2e695a66c)] -> xpath: //span[normalize-space()='Gear']]
2023-07-26 00:07:725 INFO  GearPage :23 - Click on Over night duffele : [[ChromeDriver: chrome on windows (684dbec05c9d65b5db9894c2e695a66c)] -> xpath: //a[normalize-space()='Overnight Duffle']]
2023-07-26 00:07:410 INFO  OverNightDufflePage :45 - Send quantity to quantity box : [[ChromeDriver: chrome on windows (684dbec05c9d65b5db9894c2e695a66c)] -> xpath: //input[@id='qty']]
2023-07-26 00:07:487 INFO  OverNightDufflePage :51 - Click on add to cart : [[ChromeDriver: chrome on windows (684dbec05c9d65b5db9894c2e695a66c)] -> xpath: //button[@id='product-addtocart-button']]
2023-07-26 00:07:361 INFO  OverNightDufflePage :57 - Get added to cart message : [[ChromeDriver: chrome on windows (684dbec05c9d65b5db9894c2e695a66c)] -> xpath: //div[@data-bind='html: $parent.prepareMessageForHtml(message.text)']]
2023-07-26 00:07:398 INFO  OverNightDufflePage :63 - Click on shopping cart : [[ChromeDriver: chrome on windows (684dbec05c9d65b5db9894c2e695a66c)] -> xpath: //a[normalize-space()='shopping cart']]
2023-07-26 00:07:334 INFO  ShoppingCartPage :53 - Get product name text : [[ChromeDriver: chrome on windows (684dbec05c9d65b5db9894c2e695a66c)] -> xpath: //td[@class='col item']//a[normalize-space()='Overnight Duffle']]
2023-07-26 00:07:356 INFO  ShoppingCartPage :59 - Get input quantity : By.xpath: //input[@title='Qty']
2023-07-26 00:07:681 INFO  GearPage :63 - Mouse hover on Over men menu : [[ChromeDriver: chrome on windows (1b20b07d4fea3b30699a205ed1f53eff)] -> xpath: //span[normalize-space()='Men']]
2023-07-26 00:07:824 INFO  GearPage :69 - Mouse hover on Over men Bottoms : [[ChromeDriver: chrome on windows (1b20b07d4fea3b30699a205ed1f53eff)] -> xpath: //a[@id='ui-id-18']]
2023-07-26 00:07:963 INFO  GearPage :75 - Mouse hover on Over men pants and click : [[ChromeDriver: chrome on windows (1b20b07d4fea3b30699a205ed1f53eff)] -> xpath: //a[@id='ui-id-23']//span[contains(text(),'Pants')]]
2023-07-26 00:07:937 INFO  MenPage :38 - Mouse hover on Over Cronus yoga pants and click on 32 : [[ChromeDriver: chrome on windows (1b20b07d4fea3b30699a205ed1f53eff)] -> xpath: (//div[@class='swatch-option text'])[1]]
2023-07-26 00:07:197 INFO  MenPage :45 - Mouse hover on Over Cronus yoga pants and click on Black : [[ChromeDriver: chrome on windows (1b20b07d4fea3b30699a205ed1f53eff)] -> xpath: (//div[@class='swatch-option color'])[1]]
2023-07-26 00:07:470 INFO  MenPage :52 - Mouse hover on Over Cronus yoga pants and click on addToCart : [[ChromeDriver: chrome on windows (1b20b07d4fea3b30699a205ed1f53eff)] -> xpath: (//span[contains(text(),'Add to Cart')])[1]]
2023-07-26 00:07:813 INFO  MenPage :59 - Get added to cart message : [[ChromeDriver: chrome on windows (1b20b07d4fea3b30699a205ed1f53eff)] -> xpath: //div[@data-bind='html: $parent.prepareMessageForHtml(message.text)']]
2023-07-26 00:07:422 INFO  GearPage :45 - Mouse hover on Over women menu : [[ChromeDriver: chrome on windows (852d98fedabbb8b8d97a197e47f97e25)] -> xpath: //span[normalize-space()='Women']]
2023-07-26 00:07:576 INFO  GearPage :51 - Mouse hover on Over women tops : [[ChromeDriver: chrome on windows (852d98fedabbb8b8d97a197e47f97e25)] -> xpath: //a[@id='ui-id-9']//span[contains(text(),'Tops')]]
2023-07-26 00:07:716 INFO  GearPage :57 - Mouse hover on Over women jackets and click : [[ChromeDriver: chrome on windows (852d98fedabbb8b8d97a197e47f97e25)] -> xpath: //a[@id='ui-id-11']//span[contains(text(),'Jackets')]]
2023-07-26 00:07:720 INFO  WomenPage :61 - Select sort by product name : [[ChromeDriver: chrome on windows (852d98fedabbb8b8d97a197e47f97e25)] -> xpath: (//select[@id='sorter'])[1]]
2023-07-26 00:07:828 INFO  GearPage :82 - Mouse hover on Over gear Menu : [[ChromeDriver: chrome on windows (4d9af520384cb59f0e003443b2062847)] -> xpath: //span[normalize-space()='Gear']]
2023-07-26 00:07:17 INFO  GearPage :88 - Mouse hover on Over gear and click : [[ChromeDriver: chrome on windows (4d9af520384cb59f0e003443b2062847)] -> xpath: //span[normalize-space()='Gear']]
2023-07-26 00:07:890 INFO  GearPage :23 - Click on Over night duffele : [[ChromeDriver: chrome on windows (4d9af520384cb59f0e003443b2062847)] -> xpath: //a[normalize-space()='Overnight Duffle']]
2023-07-26 00:07:598 INFO  OverNightDufflePage :45 - Send quantity to quantity box : [[ChromeDriver: chrome on windows (4d9af520384cb59f0e003443b2062847)] -> xpath: //input[@id='qty']]
2023-07-26 00:07:666 INFO  OverNightDufflePage :51 - Click on add to cart : [[ChromeDriver: chrome on windows (4d9af520384cb59f0e003443b2062847)] -> xpath: //button[@id='product-addtocart-button']]
2023-07-26 00:07:800 INFO  OverNightDufflePage :57 - Get added to cart message : [[ChromeDriver: chrome on windows (4d9af520384cb59f0e003443b2062847)] -> xpath: //div[@data-bind='html: $parent.prepareMessageForHtml(message.text)']]
2023-07-26 00:07:829 INFO  OverNightDufflePage :63 - Click on shopping cart : [[ChromeDriver: chrome on windows (4d9af520384cb59f0e003443b2062847)] -> xpath: //a[normalize-space()='shopping cart']]
2023-07-26 00:07:790 INFO  ShoppingCartPage :53 - Get product name text : [[ChromeDriver: chrome on windows (4d9af520384cb59f0e003443b2062847)] -> xpath: //td[@class='col item']//a[normalize-space()='Overnight Duffle']]
2023-07-26 00:07:825 INFO  ShoppingCartPage :59 - Get input quantity : By.xpath: //input[@title='Qty']
2023-07-26 00:07:661 INFO  GearPage :63 - Mouse hover on Over men menu : [[ChromeDriver: chrome on windows (9738325d1ea9633bef7aa350ba3aea1f)] -> xpath: //span[normalize-space()='Men']]
2023-07-26 00:07:816 INFO  GearPage :69 - Mouse hover on Over men Bottoms : [[ChromeDriver: chrome on windows (9738325d1ea9633bef7aa350ba3aea1f)] -> xpath: //a[@id='ui-id-18']]
2023-07-26 00:07:958 INFO  GearPage :75 - Mouse hover on Over men pants and click : [[ChromeDriver: chrome on windows (9738325d1ea9633bef7aa350ba3aea1f)] -> xpath: //a[@id='ui-id-23']//span[contains(text(),'Pants')]]
2023-07-26 00:07:990 INFO  MenPage :38 - Mouse hover on Over Cronus yoga pants and click on 32 : [[ChromeDriver: chrome on windows (9738325d1ea9633bef7aa350ba3aea1f)] -> xpath: (//div[@class='swatch-option text'])[1]]
2023-07-26 00:07:253 INFO  MenPage :45 - Mouse hover on Over Cronus yoga pants and click on Black : [[ChromeDriver: chrome on windows (9738325d1ea9633bef7aa350ba3aea1f)] -> xpath: (//div[@class='swatch-option color'])[1]]
2023-07-26 00:07:523 INFO  MenPage :52 - Mouse hover on Over Cronus yoga pants and click on addToCart : [[ChromeDriver: chrome on windows (9738325d1ea9633bef7aa350ba3aea1f)] -> xpath: (//span[contains(text(),'Add to Cart')])[1]]
2023-07-26 00:07:231 INFO  MenPage :59 - Get added to cart message : [[ChromeDriver: chrome on windows (9738325d1ea9633bef7aa350ba3aea1f)] -> xpath: //div[@data-bind='html: $parent.prepareMessageForHtml(message.text)']]
2023-07-26 00:07:846 INFO  GearPage :45 - Mouse hover on Over women menu : [[ChromeDriver: chrome on windows (42fed367e54df63a54b07d7b41d5ed9b)] -> xpath: //span[normalize-space()='Women']]
2023-07-26 00:07:990 INFO  GearPage :51 - Mouse hover on Over women tops : [[ChromeDriver: chrome on windows (42fed367e54df63a54b07d7b41d5ed9b)] -> xpath: //a[@id='ui-id-9']//span[contains(text(),'Tops')]]
2023-07-26 00:07:136 INFO  GearPage :57 - Mouse hover on Over women jackets and click : [[ChromeDriver: chrome on windows (42fed367e54df63a54b07d7b41d5ed9b)] -> xpath: //a[@id='ui-id-11']//span[contains(text(),'Jackets')]]
2023-07-26 00:07:151 INFO  WomenPage :61 - Select sort by product name : [[ChromeDriver: chrome on windows (42fed367e54df63a54b07d7b41d5ed9b)] -> xpath: (//select[@id='sorter'])[1]]
2023-07-26 00:07:797 INFO  GearPage :45 - Mouse hover on Over women menu : [[ChromeDriver: chrome on windows (80481873a57b4cb2b34b210c36925165)] -> xpath: //span[normalize-space()='Women']]
2023-07-26 00:07:940 INFO  GearPage :51 - Mouse hover on Over women tops : [[ChromeDriver: chrome on windows (80481873a57b4cb2b34b210c36925165)] -> xpath: //a[@id='ui-id-9']//span[contains(text(),'Tops')]]
2023-07-26 00:07:58 INFO  GearPage :57 - Mouse hover on Over women jackets and click : [[ChromeDriver: chrome on windows (80481873a57b4cb2b34b210c36925165)] -> xpath: //a[@id='ui-id-11']//span[contains(text(),'Jackets')]]
2023-07-26 00:07:47 INFO  WomenPage :91 - Select sort by product price : [[ChromeDriver: chrome on windows (80481873a57b4cb2b34b210c36925165)] -> xpath: (//select[@id='sorter'])[1]]
